This file contains any messages produced by compilers while
running configure, to aid debugging if configure makes a mistake.

It was created by ietf-ipsec configure 0.1, which was
generated by GNU Autoconf 2.69.  Invocation command line was

  $ ./configure 

## --------- ##
## Platform. ##
## --------- ##

hostname = gw1
uname -m = x86_64
uname -r = 5.15.0-48-generic
uname -s = Linux
uname -v = #54~20.04.1-Ubuntu SMP Thu Sep 1 16:17:26 UTC 2022

/usr/bin/uname -p = unknown
/bin/uname -X     = unknown

/bin/arch              = unknown
/usr/bin/arch -k       = unknown
/usr/convex/getsysinfo = unknown
/usr/bin/hostinfo      = unknown
/bin/machine           = unknown
/usr/bin/oslevel       = unknown
/bin/universe          = unknown

PATH: /usr/local/sbin
PATH: /usr/local/bin
PATH: /usr/sbin
PATH: /usr/bin
PATH: /sbin
PATH: /bin


## ----------- ##
## Core tests. ##
## ----------- ##

configure:2081: checking for gcc
configure:2097: found /usr/bin/gcc
configure:2108: result: gcc
configure:2337: checking for C compiler version
configure:2346: gcc --version >&5
gcc (Ubuntu 7.5.0-3ubuntu1~18.04) 7.5.0
Copyright (C) 2017 Free Software Foundation, Inc.
This is free software; see the source for copying conditions.  There is NO
warranty; not even for MERCHANTABILITY or FITNESS FOR A PARTICULAR PURPOSE.

configure:2357: $? = 0
configure:2346: gcc -v >&5
Using built-in specs.
COLLECT_GCC=gcc
COLLECT_LTO_WRAPPER=/usr/lib/gcc/x86_64-linux-gnu/7/lto-wrapper
OFFLOAD_TARGET_NAMES=nvptx-none
OFFLOAD_TARGET_DEFAULT=1
Target: x86_64-linux-gnu
Configured with: ../src/configure -v --with-pkgversion='Ubuntu 7.5.0-3ubuntu1~18.04' --with-bugurl=file:///usr/share/doc/gcc-7/README.Bugs --enable-languages=c,ada,c++,go,brig,d,fortran,objc,obj-c++ --prefix=/usr --with-gcc-major-version-only --program-suffix=-7 --program-prefix=x86_64-linux-gnu- --enable-shared --enable-linker-build-id --libexecdir=/usr/lib --without-included-gettext --enable-threads=posix --libdir=/usr/lib --enable-nls --enable-bootstrap --enable-clocale=gnu --enable-libstdcxx-debug --enable-libstdcxx-time=yes --with-default-libstdcxx-abi=new --enable-gnu-unique-object --disable-vtable-verify --enable-libmpx --enable-plugin --enable-default-pie --with-system-zlib --with-target-system-zlib --enable-objc-gc=auto --enable-multiarch --disable-werror --with-arch-32=i686 --with-abi=m64 --with-multilib-list=m32,m64,mx32 --enable-multilib --with-tune=generic --enable-offload-targets=nvptx-none --without-cuda-driver --enable-checking=release --build=x86_64-linux-gnu --host=x86_64-linux-gnu --target=x86_64-linux-gnu
Thread model: posix
gcc version 7.5.0 (Ubuntu 7.5.0-3ubuntu1~18.04) 
configure:2357: $? = 0
configure:2346: gcc -V >&5
gcc: error: unrecognized command line option '-V'
gcc: fatal error: no input files
compilation terminated.
configure:2357: $? = 1
configure:2346: gcc -qversion >&5
gcc: error: unrecognized command line option '-qversion'; did you mean '--version'?
gcc: fatal error: no input files
compilation terminated.
configure:2357: $? = 1
configure:2377: checking whether the C compiler works
configure:2399: gcc    conftest.c  >&5
configure:2403: $? = 0
configure:2451: result: yes
configure:2454: checking for C compiler default output file name
configure:2456: result: a.out
configure:2462: checking for suffix of executables
configure:2469: gcc -o conftest    conftest.c  >&5
configure:2473: $? = 0
configure:2495: result: 
configure:2517: checking whether we are cross compiling
configure:2525: gcc -o conftest    conftest.c  >&5
configure:2529: $? = 0
configure:2536: ./conftest
configure:2540: $? = 0
configure:2555: result: no
configure:2560: checking for suffix of object files
configure:2582: gcc -c   conftest.c >&5
configure:2586: $? = 0
configure:2607: result: o
configure:2611: checking whether we are using the GNU C compiler
configure:2630: gcc -c   conftest.c >&5
configure:2630: $? = 0
configure:2639: result: yes
configure:2648: checking whether gcc accepts -g
configure:2668: gcc -c -g  conftest.c >&5
configure:2668: $? = 0
configure:2709: result: yes
configure:2726: checking for gcc option to accept ISO C89
configure:2789: gcc  -c -g -O2  conftest.c >&5
configure:2789: $? = 0
configure:2802: result: none needed
configure:2859: checking whether gcc understands -c and -o together
configure:2881: gcc -c conftest.c -o conftest2.o
configure:2884: $? = 0
configure:2881: gcc -c conftest.c -o conftest2.o
configure:2884: $? = 0
configure:2896: result: yes
configure:2925: checking how to run the C preprocessor
configure:2956: gcc -E  conftest.c
configure:2956: $? = 0
configure:2970: gcc -E  conftest.c
conftest.c:9:10: fatal error: ac_nonexistent.h: No such file or directory
 #include <ac_nonexistent.h>
          ^~~~~~~~~~~~~~~~~~
compilation terminated.
configure:2970: $? = 1
configure: failed program was:
| /* confdefs.h */
| #define PACKAGE_NAME "ietf-ipsec"
| #define PACKAGE_TARNAME "ietf-ipsec"
| #define PACKAGE_VERSION "0.1"
| #define PACKAGE_STRING "ietf-ipsec 0.1"
| #define PACKAGE_BUGREPORT "gabilm@um.es"
| #define PACKAGE_URL ""
| /* end confdefs.h.  */
| #include <ac_nonexistent.h>
configure:2995: result: gcc -E
configure:3015: gcc -E  conftest.c
configure:3015: $? = 0
configure:3029: gcc -E  conftest.c
conftest.c:9:10: fatal error: ac_nonexistent.h: No such file or directory
 #include <ac_nonexistent.h>
          ^~~~~~~~~~~~~~~~~~
compilation terminated.
configure:3029: $? = 1
configure: failed program was:
| /* confdefs.h */
| #define PACKAGE_NAME "ietf-ipsec"
| #define PACKAGE_TARNAME "ietf-ipsec"
| #define PACKAGE_VERSION "0.1"
| #define PACKAGE_STRING "ietf-ipsec 0.1"
| #define PACKAGE_BUGREPORT "gabilm@um.es"
| #define PACKAGE_URL ""
| /* end confdefs.h.  */
| #include <ac_nonexistent.h>
configure:3058: checking for grep that handles long lines and -e
configure:3116: result: /bin/grep
configure:3121: checking for egrep
configure:3183: result: /bin/grep -E
configure:3188: checking for ANSI C header files
configure:3208: gcc -c -Wall -w  -O3 -fPIC  conftest.c >&5
configure:3208: $? = 0
configure:3281: gcc -o conftest -Wall -w  -O3 -fPIC   conftest.c  >&5
configure:3281: $? = 0
configure:3281: ./conftest
configure:3281: $? = 0
configure:3292: result: yes
configure:3305: checking for sys/types.h
configure:3305: gcc -c -Wall -w  -O3 -fPIC  conftest.c >&5
configure:3305: $? = 0
configure:3305: result: yes
configure:3305: checking for sys/stat.h
configure:3305: gcc -c -Wall -w  -O3 -fPIC  conftest.c >&5
configure:3305: $? = 0
configure:3305: result: yes
configure:3305: checking for stdlib.h
configure:3305: gcc -c -Wall -w  -O3 -fPIC  conftest.c >&5
configure:3305: $? = 0
configure:3305: result: yes
configure:3305: checking for string.h
configure:3305: gcc -c -Wall -w  -O3 -fPIC  conftest.c >&5
configure:3305: $? = 0
configure:3305: result: yes
configure:3305: checking for memory.h
configure:3305: gcc -c -Wall -w  -O3 -fPIC  conftest.c >&5
configure:3305: $? = 0
configure:3305: result: yes
configure:3305: checking for strings.h
configure:3305: gcc -c -Wall -w  -O3 -fPIC  conftest.c >&5
configure:3305: $? = 0
configure:3305: result: yes
configure:3305: checking for inttypes.h
configure:3305: gcc -c -Wall -w  -O3 -fPIC  conftest.c >&5
configure:3305: $? = 0
configure:3305: result: yes
configure:3305: checking for stdint.h
configure:3305: gcc -c -Wall -w  -O3 -fPIC  conftest.c >&5
configure:3305: $? = 0
configure:3305: result: yes
configure:3305: checking for unistd.h
configure:3305: gcc -c -Wall -w  -O3 -fPIC  conftest.c >&5
configure:3305: $? = 0
configure:3305: result: yes
configure:3319: checking crypt.h usability
configure:3319: gcc -c -Wall -w  -O3 -fPIC  conftest.c >&5
configure:3319: $? = 0
configure:3319: result: yes
configure:3319: checking crypt.h presence
configure:3319: gcc -E  conftest.c
configure:3319: $? = 0
configure:3319: result: yes
configure:3319: checking for crypt.h
configure:3319: result: yes
configure:3331: checking for library containing crypt
configure:3362: gcc -o conftest -Wall -w  -O3 -fPIC   conftest.c  >&5
/tmp/ccskwZbj.o: In function `main':
conftest.c:(.text.startup+0x7): undefined reference to `crypt'
collect2: error: ld returned 1 exit status
configure:3362: $? = 1
configure: failed program was:
| /* confdefs.h */
| #define PACKAGE_NAME "ietf-ipsec"
| #define PACKAGE_TARNAME "ietf-ipsec"
| #define PACKAGE_VERSION "0.1"
| #define PACKAGE_STRING "ietf-ipsec 0.1"
| #define PACKAGE_BUGREPORT "gabilm@um.es"
| #define PACKAGE_URL ""
| #define STDC_HEADERS 1
| #define HAVE_SYS_TYPES_H 1
| #define HAVE_SYS_STAT_H 1
| #define HAVE_STDLIB_H 1
| #define HAVE_STRING_H 1
| #define HAVE_MEMORY_H 1
| #define HAVE_STRINGS_H 1
| #define HAVE_INTTYPES_H 1
| #define HAVE_STDINT_H 1
| #define HAVE_UNISTD_H 1
| #define HAVE_CRYPT_H 1
| /* end confdefs.h.  */
| 
| /* Override any GCC internal prototype to avoid an error.
|    Use char because int might match the return type of a GCC
|    builtin and then its argument prototype would still apply.  */
| #ifdef __cplusplus
| extern "C"
| #endif
| char crypt ();
| int
| main ()
| {
| return crypt ();
|   ;
|   return 0;
| }
configure:3362: gcc -o conftest -Wall -w  -O3 -fPIC   conftest.c -lcrypt   >&5
configure:3362: $? = 0
configure:3379: result: -lcrypt
configure:3392: checking pthread.h usability
configure:3392: gcc -c -Wall -w  -O3 -fPIC  conftest.c >&5
configure:3392: $? = 0
configure:3392: result: yes
configure:3392: checking pthread.h presence
configure:3392: gcc -E  conftest.c
configure:3392: $? = 0
configure:3392: result: yes
configure:3392: checking for pthread.h
configure:3392: result: yes
configure:3404: checking for library containing pthread_create
configure:3435: gcc -o conftest -Wall -w  -O3 -fPIC   conftest.c -lcrypt  >&5
/tmp/ccvBNEsu.o: In function `main':
conftest.c:(.text.startup+0x7): undefined reference to `pthread_create'
collect2: error: ld returned 1 exit status
configure:3435: $? = 1
configure: failed program was:
| /* confdefs.h */
| #define PACKAGE_NAME "ietf-ipsec"
| #define PACKAGE_TARNAME "ietf-ipsec"
| #define PACKAGE_VERSION "0.1"
| #define PACKAGE_STRING "ietf-ipsec 0.1"
| #define PACKAGE_BUGREPORT "gabilm@um.es"
| #define PACKAGE_URL ""
| #define STDC_HEADERS 1
| #define HAVE_SYS_TYPES_H 1
| #define HAVE_SYS_STAT_H 1
| #define HAVE_STDLIB_H 1
| #define HAVE_STRING_H 1
| #define HAVE_MEMORY_H 1
| #define HAVE_STRINGS_H 1
| #define HAVE_INTTYPES_H 1
| #define HAVE_STDINT_H 1
| #define HAVE_UNISTD_H 1
| #define HAVE_CRYPT_H 1
| #define HAVE_PTHREAD_H 1
| /* end confdefs.h.  */
| 
| /* Override any GCC internal prototype to avoid an error.
|    Use char because int might match the return type of a GCC
|    builtin and then its argument prototype would still apply.  */
| #ifdef __cplusplus
| extern "C"
| #endif
| char pthread_create ();
| int
| main ()
| {
| return pthread_create ();
|   ;
|   return 0;
| }
configure:3435: gcc -o conftest -Wall -w  -O3 -fPIC   conftest.c -lpthread  -lcrypt  >&5
configure:3435: $? = 0
configure:3452: result: -lpthread
configure:3465: checking sysrepo.h usability
configure:3465: gcc -c -Wall -w  -O3 -fPIC  conftest.c >&5
configure:3465: $? = 0
configure:3465: result: yes
configure:3465: checking sysrepo.h presence
configure:3465: gcc -E  conftest.c
configure:3465: $? = 0
configure:3465: result: yes
configure:3465: checking for sysrepo.h
configure:3465: result: yes
configure:3477: checking for library containing sr_connect
configure:3508: gcc -o conftest -Wall -w  -O3 -fPIC   conftest.c -lpthread -lcrypt  >&5
/tmp/ccPSPZey.o: In function `main':
conftest.c:(.text.startup+0x7): undefined reference to `sr_connect'
collect2: error: ld returned 1 exit status
configure:3508: $? = 1
configure: failed program was:
| /* confdefs.h */
| #define PACKAGE_NAME "ietf-ipsec"
| #define PACKAGE_TARNAME "ietf-ipsec"
| #define PACKAGE_VERSION "0.1"
| #define PACKAGE_STRING "ietf-ipsec 0.1"
| #define PACKAGE_BUGREPORT "gabilm@um.es"
| #define PACKAGE_URL ""
| #define STDC_HEADERS 1
| #define HAVE_SYS_TYPES_H 1
| #define HAVE_SYS_STAT_H 1
| #define HAVE_STDLIB_H 1
| #define HAVE_STRING_H 1
| #define HAVE_MEMORY_H 1
| #define HAVE_STRINGS_H 1
| #define HAVE_INTTYPES_H 1
| #define HAVE_STDINT_H 1
| #define HAVE_UNISTD_H 1
| #define HAVE_CRYPT_H 1
| #define HAVE_PTHREAD_H 1
| #define HAVE_SYSREPO_H 1
| /* end confdefs.h.  */
| 
| /* Override any GCC internal prototype to avoid an error.
|    Use char because int might match the return type of a GCC
|    builtin and then its argument prototype would still apply.  */
| #ifdef __cplusplus
| extern "C"
| #endif
| char sr_connect ();
| int
| main ()
| {
| return sr_connect ();
|   ;
|   return 0;
| }
configure:3508: gcc -o conftest -Wall -w  -O3 -fPIC   conftest.c -lsysrepo  -lpthread -lcrypt  >&5
configure:3508: $? = 0
configure:3525: result: -lsysrepo
configure:3539: checking libvici.h usability
configure:3539: gcc -c -Wall -w  -O3 -fPIC  conftest.c >&5
configure:3539: $? = 0
configure:3539: result: yes
configure:3539: checking libvici.h presence
configure:3539: gcc -E  conftest.c
configure:3539: $? = 0
configure:3539: result: yes
configure:3539: checking for libvici.h
configure:3539: result: yes
configure:3551: checking for library containing connect
configure:3582: gcc -o conftest -Wall -w  -O3 -fPIC   conftest.c -lsysrepo -lpthread -lcrypt  >&5
configure:3582: $? = 0
configure:3599: result: none required
configure:3786: creating ./config.status

## ---------------------- ##
## Running config.status. ##
## ---------------------- ##

This file was extended by ietf-ipsec config.status 0.1, which was
generated by GNU Autoconf 2.69.  Invocation command line was

  CONFIG_FILES    = 
  CONFIG_HEADERS  = 
  CONFIG_LINKS    = 
  CONFIG_COMMANDS = 
  $ ./config.status 

on gw1

config.status:729: creating Makefile

## ---------------- ##
## Cache variables. ##
## ---------------- ##

ac_cv_c_compiler_gnu=yes
ac_cv_env_CC_set=
ac_cv_env_CC_value=
ac_cv_env_CFLAGS_set=
ac_cv_env_CFLAGS_value=
ac_cv_env_CPPFLAGS_set=
ac_cv_env_CPPFLAGS_value=
ac_cv_env_CPP_set=
ac_cv_env_CPP_value=
ac_cv_env_LDFLAGS_set=
ac_cv_env_LDFLAGS_value=
ac_cv_env_LIBS_set=
ac_cv_env_LIBS_value=
ac_cv_env_build_alias_set=
ac_cv_env_build_alias_value=
ac_cv_env_host_alias_set=
ac_cv_env_host_alias_value=
ac_cv_env_target_alias_set=
ac_cv_env_target_alias_value=
ac_cv_header_crypt_h=yes
ac_cv_header_inttypes_h=yes
ac_cv_header_libvici_h=yes
ac_cv_header_memory_h=yes
ac_cv_header_pthread_h=yes
ac_cv_header_stdc=yes
ac_cv_header_stdint_h=yes
ac_cv_header_stdlib_h=yes
ac_cv_header_string_h=yes
ac_cv_header_strings_h=yes
ac_cv_header_sys_stat_h=yes
ac_cv_header_sys_types_h=yes
ac_cv_header_sysrepo_h=yes
ac_cv_header_unistd_h=yes
ac_cv_objext=o
ac_cv_path_EGREP='/bin/grep -E'
ac_cv_path_GREP=/bin/grep
ac_cv_prog_CPP='gcc -E'
ac_cv_prog_ac_ct_CC=gcc
ac_cv_prog_cc_c89=
ac_cv_prog_cc_g=yes
ac_cv_search_connect='none required'
ac_cv_search_crypt=-lcrypt
ac_cv_search_pthread_create=-lpthread
ac_cv_search_sr_connect=-lsysrepo
am_cv_prog_cc_c_o=yes

## ----------------- ##
## Output variables. ##
## ----------------- ##

CC='gcc'
CFLAGS='-Wall -w  -O3 -fPIC'
CPP='gcc -E'
CPPFLAGS=''
DEFS='-DPACKAGE_NAME=\"ietf-ipsec\" -DPACKAGE_TARNAME=\"ietf-ipsec\" -DPACKAGE_VERSION=\"0.1\" -DPACKAGE_STRING=\"ietf-ipsec\ 0.1\" -DPACKAGE_BUGREPORT=\"gabilm@um.es\" -DPACKAGE_URL=\"\" -DSTDC_HEADERS=1 -DHAVE_SYS_TYPES_H=1 -DHAVE_SYS_STAT_H=1 -DHAVE_STDLIB_H=1 -DHAVE_STRING_H=1 -DHAVE_MEMORY_H=1 -DHAVE_STRINGS_H=1 -DHAVE_INTTYPES_H=1 -DHAVE_STDINT_H=1 -DHAVE_UNISTD_H=1 -DHAVE_CRYPT_H=1 -DHAVE_PTHREAD_H=1 -DHAVE_SYSREPO_H=1 -DHAVE_LIBVICI_H=1'
DEPS='base/utils.h   		base/sysrepo_utils.h   		base/log.h   		base/spd_entry.h   		base/spa_entry.h   		base/pad_entry.h   		base/ikev2_entry.h   		base/pfkeyv2_entry.h'
ECHO_C=''
ECHO_N='-n'
ECHO_T=''
EGREP='/bin/grep -E'
EXEEXT=''
GREP='/bin/grep'
LDFLAGS=''
LIBOBJS=''
LIBS='-lsysrepo -lpthread -lcrypt '
LIBVICI='-lvici -L/usr/lib/ipsec/'
LTLIBOBJS=''
OBJ='base/utils.o 	base/sysrepo_utils.o 	base/log.o 	base/spd_entry.o 	base/sad_entry.o 	base/pad_entry.o 	base/ikev2_entry.o 	base/pfkeyv2_entry.o '
OBJEXT='o'
PACKAGE_BUGREPORT='gabilm@um.es'
PACKAGE_NAME='ietf-ipsec'
PACKAGE_STRING='ietf-ipsec 0.1'
PACKAGE_TARNAME='ietf-ipsec'
PACKAGE_URL=''
PACKAGE_VERSION='0.1'
PATH_SEPARATOR=':'
SHELL='/bin/bash'
TARGET='ietf-ipsec'
ac_ct_CC='gcc'
bindir='${exec_prefix}/bin'
build_alias=''
datadir='${datarootdir}'
datarootdir='${prefix}/share'
docdir='${datarootdir}/doc/${PACKAGE_TARNAME}'
dvidir='${docdir}'
exec_prefix='${prefix}'
host_alias=''
htmldir='${docdir}'
includedir='${prefix}/include'
infodir='${datarootdir}/info'
libdir='${exec_prefix}/lib'
libexecdir='${exec_prefix}/libexec'
localedir='${datarootdir}/locale'
localstatedir='${prefix}/var'
mandir='${datarootdir}/man'
oldincludedir='/usr/include'
pdfdir='${docdir}'
prefix='/usr/local'
program_transform_name='s,x,x,'
psdir='${docdir}'
runstatedir='${localstatedir}/run'
sbindir='${exec_prefix}/sbin'
sharedstatedir='${prefix}/com'
sysconfdir='${prefix}/etc'
target_alias=''

## ----------- ##
## confdefs.h. ##
## ----------- ##

/* confdefs.h */
#define PACKAGE_NAME "ietf-ipsec"
#define PACKAGE_TARNAME "ietf-ipsec"
#define PACKAGE_VERSION "0.1"
#define PACKAGE_STRING "ietf-ipsec 0.1"
#define PACKAGE_BUGREPORT "gabilm@um.es"
#define PACKAGE_URL ""
#define STDC_HEADERS 1
#define HAVE_SYS_TYPES_H 1
#define HAVE_SYS_STAT_H 1
#define HAVE_STDLIB_H 1
#define HAVE_STRING_H 1
#define HAVE_MEMORY_H 1
#define HAVE_STRINGS_H 1
#define HAVE_INTTYPES_H 1
#define HAVE_STDINT_H 1
#define HAVE_UNISTD_H 1
#define HAVE_CRYPT_H 1
#define HAVE_PTHREAD_H 1
#define HAVE_SYSREPO_H 1
#define HAVE_LIBVICI_H 1

configure: exit 0
