make: *** No rule to make target 'uninstall'.  Stop.
make: *** No rule to make target 'clean'.  Stop.
checking for gcc... gcc
checking whether the C compiler works... yes
checking for C compiler default output file name... a.out
checking for suffix of executables... 
checking whether we are cross compiling... no
checking for suffix of object files... o
checking whether we are using the GNU C compiler... yes
checking whether gcc accepts -g... yes
checking for gcc option to accept ISO C89... none needed
checking whether gcc understands -c and -o together... yes
checking how to run the C preprocessor... gcc -E
checking for grep that handles long lines and -e... /bin/grep
checking for egrep... /bin/grep -E
checking for ANSI C header files... yes
checking for sys/types.h... yes
checking for sys/stat.h... yes
checking for stdlib.h... yes
checking for string.h... yes
checking for memory.h... yes
checking for strings.h... yes
checking for inttypes.h... yes
checking for stdint.h... yes
checking for unistd.h... yes
checking crypt.h usability... yes
checking crypt.h presence... yes
checking for crypt.h... yes
checking for library containing crypt... -lcrypt
checking pthread.h usability... yes
checking pthread.h presence... yes
checking for pthread.h... yes
checking for library containing pthread_create... -lpthread
checking sysrepo.h usability... yes
checking sysrepo.h presence... yes
checking for sysrepo.h... yes
checking for library containing sr_connect... -lsysrepo
checking libvici.h usability... yes
checking libvici.h presence... yes
checking for libvici.h... yes
checking for library containing connect... none required
configure: creating ./config.status
config.status: creating Makefile
gcc -Wall -w  -O3 -fPIC   -c -o ietf-ipsec.o ietf-ipsec.c
gcc -Wall -w  -O3 -fPIC   -c -o  base/utils.o base/utils.c
gcc -Wall -w  -O3 -fPIC   -c -o base/sysrepo_utils.o base/sysrepo_utils.c
gcc -Wall -w  -O3 -fPIC   -c -o base/log.o base/log.c
gcc -Wall -w  -O3 -fPIC   -c -o base/spd_entry.o base/spd_entry.c
gcc -Wall -w  -O3 -fPIC   -c -o base/sad_entry.o base/sad_entry.c
gcc -Wall -w  -O3 -fPIC   -c -o base/pad_entry.o base/pad_entry.c
gcc -Wall -w  -O3 -fPIC   -c -o base/ikev2_entry.o base/ikev2_entry.c
gcc -Wall -w  -O3 -fPIC   -c -o base/pfkeyv2_entry.o base/pfkeyv2_entry.c
gcc -Wall -w  -O3 -fPIC -o ietf-ipsec ietf-ipsec.o  base/utils.o base/sysrepo_utils.o base/log.o base/spd_entry.o base/sad_entry.o base/pad_entry.o base/ikev2_entry.o base/pfkeyv2_entry.o -lsysrepo -lpthread -lcrypt  -lvici -L/usr/lib/ipsec/ 
rm -f *.o base/*.o *~ core
sysrepoctl --install --yang=./ietf-ipsec.yang --owner=root:root --permissions=666
Installing a new module from file './ietf-ipsec.yang'...
Installing the YANG file to '/opt/dev/sysrepo/build/repository/yang/ietf-ipsec@2018-10-24.yang'...
Installing data files for module 'ietf-ipsec'...
Notifying sysrepo about the change...
Install operation completed successfully.
